# JRE version: OpenJDK Runtime Environment (21.0+35) (build 21+35-2513)
# Java VM: OpenJDK 64-Bit Server VM (21+35-2513, mixed mode, sharing, tiered, compressed oops, compressed class ptrs, g1 gc, linux-amd64)
GC Precious Log:
 CardTable entry size: 512
 Card Set container configuration: InlinePtr #cards 4 size 8 Array Of Cards #cards 16 size 48 Howl #buckets 8 coarsen threshold 3686 Howl Bitmap #cards 512 size 80 coarsen threshold 460 Card regions per heap region 1 cards per card region 4096
 CPUs: 12 total, 12 available
 Memory: 15728M
 Large Page Support: Disabled
 NUMA Support: Disabled
 Compressed Oops: Enabled (Zero based)
 Heap Region Size: 2M
 Heap Min Capacity: 8M
 Heap Initial Capacity: 246M
 Heap Max Capacity: 3934M
 Pre-touch: Disabled
 Parallel Workers: 10
 Concurrent Workers: 3
 Concurrent Refinement Workers: 10
 Periodic GC: Disabled
Heap:
 garbage-first heap   total 202752K, used 89322K [0x000000070a200000, 0x0000000800000000)
  region size 2048K, 3 young (6144K), 2 survivors (4096K)
 Metaspace       used 136491K, committed 137600K, reserved 1179648K
  class space    used 16681K, committed 17216K, reserved 1048576K
GC Heap History (20 events):
Event: 2401,269 GC heap before
{Heap before GC invocations=52 (full 0):
 garbage-first heap   total 202752K, used 182973K [0x000000070a200000, 0x0000000800000000)
  region size 2048K, 47 young (96256K), 2 survivors (4096K)
 Metaspace       used 136447K, committed 137600K, reserved 1179648K
  class space    used 16680K, committed 17216K, reserved 1048576K
}
Event: 2401,276 GC heap after
{Heap after GC invocations=53 (full 0):
 garbage-first heap   total 202752K, used 90744K [0x000000070a200000, 0x0000000800000000)
  region size 2048K, 2 young (4096K), 2 survivors (4096K)
 Metaspace       used 136447K, committed 137600K, reserved 1179648K
  class space    used 16680K, committed 17216K, reserved 1048576K
}
Event: 2624,078 GC heap before
{Heap before GC invocations=54 (full 0):
 garbage-first heap   total 202752K, used 182904K [0x000000070a200000, 0x0000000800000000)
  region size 2048K, 47 young (96256K), 2 survivors (4096K)
 Metaspace       used 136449K, committed 137600K, reserved 1179648K
  class space    used 16680K, committed 17216K, reserved 1048576K
}
Event: 2624,084 GC heap after
{Heap after GC invocations=55 (full 0):
 garbage-first heap   total 202752K, used 90639K [0x000000070a200000, 0x0000000800000000)
  region size 2048K, 2 young (4096K), 2 survivors (4096K)
 Metaspace       used 136449K, committed 137600K, reserved 1179648K
  class space    used 16680K, committed 17216K, reserved 1048576K
}
Event: 2847,432 GC heap before
{Heap before GC invocations=55 (full 0):
 garbage-first heap   total 202752K, used 182799K [0x000000070a200000, 0x0000000800000000)
  region size 2048K, 47 young (96256K), 2 survivors (4096K)
 Metaspace       used 136449K, committed 137600K, reserved 1179648K
  class space    used 16680K, committed 17216K, reserved 1048576K
}
Event: 2847,441 GC heap after
{Heap after GC invocations=56 (full 0):
 garbage-first heap   total 202752K, used 90334K [0x000000070a200000, 0x0000000800000000)
  region size 2048K, 2 young (4096K), 2 survivors (4096K)
 Metaspace       used 136449K, committed 137600K, reserved 1179648K
  class space    used 16680K, committed 17216K, reserved 1048576K
}
Event: 3074,394 GC heap before
{Heap before GC invocations=56 (full 0):
 garbage-first heap   total 202752K, used 182494K [0x000000070a200000, 0x0000000800000000)
  region size 2048K, 47 young (96256K), 2 survivors (4096K)
 Metaspace       used 136449K, committed 137600K, reserved 1179648K
  class space    used 16680K, committed 17216K, reserved 1048576K
}
Event: 3074,399 GC heap after
{Heap after GC invocations=57 (full 0):
 garbage-first heap   total 202752K, used 90212K [0x000000070a200000, 0x0000000800000000)
  region size 2048K, 1 young (2048K), 1 survivors (2048K)
 Metaspace       used 136449K, committed 137600K, reserved 1179648K
  class space    used 16680K, committed 17216K, reserved 1048576K
}
Event: 3311,412 GC heap before
{Heap before GC invocations=58 (full 0):
 garbage-first heap   total 202752K, used 186468K [0x000000070a200000, 0x0000000800000000)
  region size 2048K, 48 young (98304K), 1 survivors (2048K)
 Metaspace       used 136449K, committed 137600K, reserved 1179648K
  class space    used 16680K, committed 17216K, reserved 1048576K
}
Event: 3311,419 GC heap after
{Heap after GC invocations=59 (full 0):
 garbage-first heap   total 202752K, used 90284K [0x000000070a200000, 0x0000000800000000)
  region size 2048K, 2 young (4096K), 2 survivors (4096K)
 Metaspace       used 136449K, committed 137600K, reserved 1179648K
  class space    used 16680K, committed 17216K, reserved 1048576K
}
Event: 3536,411 GC heap before
{Heap before GC invocations=59 (full 0):
 garbage-first heap   total 202752K, used 182444K [0x000000070a200000, 0x0000000800000000)
  region size 2048K, 47 young (96256K), 2 survivors (4096K)
 Metaspace       used 136449K, committed 137600K, reserved 1179648K
  class space    used 16680K, committed 17216K, reserved 1048576K
}
Event: 3536,418 GC heap after
{Heap after GC invocations=60 (full 0):
 garbage-first heap   total 202752K, used 89917K [0x000000070a200000, 0x0000000800000000)
  region size 2048K, 2 young (4096K), 2 survivors (4096K)
 Metaspace       used 136449K, committed 137600K, reserved 1179648K
  class space    used 16680K, committed 17216K, reserved 1048576K
}
Event: 3727,647 GC heap before
{Heap before GC invocations=60 (full 0):
 garbage-first heap   total 202752K, used 182077K [0x000000070a200000, 0x0000000800000000)
  region size 2048K, 47 young (96256K), 2 survivors (4096K)
 Metaspace       used 136475K, committed 137600K, reserved 1179648K
  class space    used 16681K, committed 17216K, reserved 1048576K
}
Event: 3727,654 GC heap after
{Heap after GC invocations=61 (full 0):
 garbage-first heap   total 202752K, used 90446K [0x000000070a200000, 0x0000000800000000)
  region size 2048K, 2 young (4096K), 2 survivors (4096K)
 Metaspace       used 136475K, committed 137600K, reserved 1179648K
  class space    used 16681K, committed 17216K, reserved 1048576K
}
Event: 3904,676 GC heap before
{Heap before GC invocations=62 (full 0):
 garbage-first heap   total 202752K, used 182606K [0x000000070a200000, 0x0000000800000000)
  region size 2048K, 47 young (96256K), 2 survivors (4096K)
 Metaspace       used 136489K, committed 137600K, reserved 1179648K
  class space    used 16681K, committed 17216K, reserved 1048576K
}
Event: 3904,683 GC heap after
{Heap after GC invocations=63 (full 0):
 garbage-first heap   total 202752K, used 89952K [0x000000070a200000, 0x0000000800000000)
  region size 2048K, 2 young (4096K), 2 survivors (4096K)
 Metaspace       used 136489K, committed 137600K, reserved 1179648K
  class space    used 16681K, committed 17216K, reserved 1048576K
}
Event: 4111,088 GC heap before
{Heap before GC invocations=63 (full 0):
 garbage-first heap   total 202752K, used 182112K [0x000000070a200000, 0x0000000800000000)
  region size 2048K, 47 young (96256K), 2 survivors (4096K)
 Metaspace       used 136491K, committed 137600K, reserved 1179648K
  class space    used 16681K, committed 17216K, reserved 1048576K
}
Event: 4111,097 GC heap after
{Heap after GC invocations=64 (full 0):
 garbage-first heap   total 202752K, used 89251K [0x000000070a200000, 0x0000000800000000)
  region size 2048K, 1 young (2048K), 1 survivors (2048K)
 Metaspace       used 136491K, committed 137600K, reserved 1179648K
  class space    used 16681K, committed 17216K, reserved 1048576K
}
Event: 4327,731 GC heap before
{Heap before GC invocations=64 (full 0):
 garbage-first heap   total 202752K, used 185507K [0x000000070a200000, 0x0000000800000000)
  region size 2048K, 48 young (98304K), 1 survivors (2048K)
 Metaspace       used 136491K, committed 137600K, reserved 1179648K
  class space    used 16681K, committed 17216K, reserved 1048576K
}
Event: 4327,736 GC heap after
{Heap after GC invocations=65 (full 0):
 garbage-first heap   total 202752K, used 89322K [0x000000070a200000, 0x0000000800000000)
  region size 2048K, 2 young (4096K), 2 survivors (4096K)
 Metaspace       used 136491K, committed 137600K, reserved 1179648K
  class space    used 16681K, committed 17216K, reserved 1048576K
}

