# JRE version: OpenJDK Runtime Environment (21.0+35) (build 21+35-2513)
# Java VM: OpenJDK 64-Bit Server VM (21+35-2513, mixed mode, sharing, tiered, compressed oops, compressed class ptrs, g1 gc, linux-amd64)
GC Precious Log:
 CardTable entry size: 512
 Card Set container configuration: InlinePtr #cards 4 size 8 Array Of Cards #cards 16 size 48 Howl #buckets 8 coarsen threshold 3686 Howl Bitmap #cards 512 size 80 coarsen threshold 460 Card regions per heap region 1 cards per card region 4096
 CPUs: 12 total, 12 available
 Memory: 15736M
 Large Page Support: Disabled
 NUMA Support: Disabled
 Compressed Oops: Enabled (Zero based)
 Heap Region Size: 2M
 Heap Min Capacity: 8M
 Heap Initial Capacity: 246M
 Heap Max Capacity: 3936M
 Pre-touch: Disabled
 Parallel Workers: 10
 Concurrent Workers: 3
 Concurrent Refinement Workers: 10
 Periodic GC: Disabled
Heap:
 garbage-first heap   total 200704K, used 92591K [0x000000070a000000, 0x0000000800000000)
  region size 2048K, 4 young (8192K), 3 survivors (6144K)
 Metaspace       used 142608K, committed 143616K, reserved 1179648K
  class space    used 17430K, committed 17920K, reserved 1048576K
GC Heap History (20 events):
Event: 18958,801 GC heap before
{Heap before GC invocations=129 (full 0):
 garbage-first heap   total 200704K, used 183940K [0x000000070a000000, 0x0000000800000000)
  region size 2048K, 52 young (106496K), 1 survivors (2048K)
 Metaspace       used 137961K, committed 139072K, reserved 1179648K
  class space    used 16825K, committed 17344K, reserved 1048576K
}
Event: 18958,802 GC heap after
{Heap after GC invocations=130 (full 0):
 garbage-first heap   total 200704K, used 79493K [0x000000070a000000, 0x0000000800000000)
  region size 2048K, 1 young (2048K), 1 survivors (2048K)
 Metaspace       used 137961K, committed 139072K, reserved 1179648K
  class space    used 16825K, committed 17344K, reserved 1048576K
}
Event: 19239,732 GC heap before
{Heap before GC invocations=131 (full 0):
 garbage-first heap   total 200704K, used 183941K [0x000000070a000000, 0x0000000800000000)
  region size 2048K, 52 young (106496K), 1 survivors (2048K)
 Metaspace       used 137964K, committed 139072K, reserved 1179648K
  class space    used 16825K, committed 17344K, reserved 1048576K
}
Event: 19239,733 GC heap after
{Heap after GC invocations=132 (full 0):
 garbage-first heap   total 200704K, used 79499K [0x000000070a000000, 0x0000000800000000)
  region size 2048K, 1 young (2048K), 1 survivors (2048K)
 Metaspace       used 137964K, committed 139072K, reserved 1179648K
  class space    used 16825K, committed 17344K, reserved 1048576K
}
Event: 19522,017 GC heap before
{Heap before GC invocations=132 (full 0):
 garbage-first heap   total 200704K, used 183947K [0x000000070a000000, 0x0000000800000000)
  region size 2048K, 52 young (106496K), 1 survivors (2048K)
 Metaspace       used 137966K, committed 139072K, reserved 1179648K
  class space    used 16825K, committed 17344K, reserved 1048576K
}
Event: 19522,020 GC heap after
{Heap after GC invocations=133 (full 0):
 garbage-first heap   total 200704K, used 79325K [0x000000070a000000, 0x0000000800000000)
  region size 2048K, 1 young (2048K), 1 survivors (2048K)
 Metaspace       used 137966K, committed 139072K, reserved 1179648K
  class space    used 16825K, committed 17344K, reserved 1048576K
}
Event: 19606,285 GC heap before
{Heap before GC invocations=133 (full 0):
 garbage-first heap   total 200704K, used 183773K [0x000000070a000000, 0x0000000800000000)
  region size 2048K, 52 young (106496K), 1 survivors (2048K)
 Metaspace       used 140018K, committed 140928K, reserved 1179648K
  class space    used 17109K, committed 17536K, reserved 1048576K
}
Event: 19606,289 GC heap after
{Heap after GC invocations=134 (full 0):
 garbage-first heap   total 200704K, used 84432K [0x000000070a000000, 0x0000000800000000)
  region size 2048K, 3 young (6144K), 3 survivors (6144K)
 Metaspace       used 140018K, committed 140928K, reserved 1179648K
  class space    used 17109K, committed 17536K, reserved 1048576K
}
Event: 19607,421 GC heap before
{Heap before GC invocations=135 (full 0):
 garbage-first heap   total 200704K, used 180688K [0x000000070a000000, 0x0000000800000000)
  region size 2048K, 50 young (102400K), 3 survivors (6144K)
 Metaspace       used 141360K, committed 142272K, reserved 1179648K
  class space    used 17267K, committed 17728K, reserved 1048576K
}
Event: 19607,426 GC heap after
{Heap after GC invocations=136 (full 0):
 garbage-first heap   total 200704K, used 87745K [0x000000070a000000, 0x0000000800000000)
  region size 2048K, 5 young (10240K), 5 survivors (10240K)
 Metaspace       used 141360K, committed 142272K, reserved 1179648K
  class space    used 17267K, committed 17728K, reserved 1048576K
}
Event: 19607,988 GC heap before
{Heap before GC invocations=136 (full 0):
 garbage-first heap   total 200704K, used 175809K [0x000000070a000000, 0x0000000800000000)
  region size 2048K, 48 young (98304K), 5 survivors (10240K)
 Metaspace       used 141668K, committed 142592K, reserved 1179648K
  class space    used 17306K, committed 17728K, reserved 1048576K
}
Event: 19608,001 GC heap after
{Heap after GC invocations=137 (full 0):
 garbage-first heap   total 200704K, used 89215K [0x000000070a000000, 0x0000000800000000)
  region size 2048K, 3 young (6144K), 3 survivors (6144K)
 Metaspace       used 141668K, committed 142592K, reserved 1179648K
  class space    used 17306K, committed 17728K, reserved 1048576K
}
Event: 19608,625 GC heap before
{Heap before GC invocations=137 (full 0):
 garbage-first heap   total 200704K, used 181375K [0x000000070a000000, 0x0000000800000000)
  region size 2048K, 48 young (98304K), 3 survivors (6144K)
 Metaspace       used 142071K, committed 142976K, reserved 1179648K
  class space    used 17362K, committed 17792K, reserved 1048576K
}
Event: 19608,630 GC heap after
{Heap after GC invocations=138 (full 0):
 garbage-first heap   total 200704K, used 90554K [0x000000070a000000, 0x0000000800000000)
  region size 2048K, 4 young (8192K), 4 survivors (8192K)
 Metaspace       used 142071K, committed 142976K, reserved 1179648K
  class space    used 17362K, committed 17792K, reserved 1048576K
}
Event: 19609,247 GC heap before
{Heap before GC invocations=139 (full 0):
 garbage-first heap   total 200704K, used 178618K [0x000000070a000000, 0x0000000800000000)
  region size 2048K, 47 young (96256K), 4 survivors (8192K)
 Metaspace       used 142365K, committed 143232K, reserved 1179648K
  class space    used 17384K, committed 17792K, reserved 1048576K
}
Event: 19609,261 GC heap after
{Heap after GC invocations=140 (full 0):
 garbage-first heap   total 200704K, used 91780K [0x000000070a000000, 0x0000000800000000)
  region size 2048K, 3 young (6144K), 3 survivors (6144K)
 Metaspace       used 142365K, committed 143232K, reserved 1179648K
  class space    used 17384K, committed 17792K, reserved 1048576K
}
Event: 19609,763 GC heap before
{Heap before GC invocations=140 (full 0):
 garbage-first heap   total 200704K, used 179844K [0x000000070a000000, 0x0000000800000000)
  region size 2048K, 46 young (94208K), 3 survivors (6144K)
 Metaspace       used 142389K, committed 143296K, reserved 1179648K
  class space    used 17387K, committed 17856K, reserved 1048576K
}
Event: 19609,772 GC heap after
{Heap after GC invocations=141 (full 0):
 garbage-first heap   total 200704K, used 91637K [0x000000070a000000, 0x0000000800000000)
  region size 2048K, 3 young (6144K), 3 survivors (6144K)
 Metaspace       used 142389K, committed 143296K, reserved 1179648K
  class space    used 17387K, committed 17856K, reserved 1048576K
}
Event: 19802,078 GC heap before
{Heap before GC invocations=141 (full 0):
 garbage-first heap   total 200704K, used 179701K [0x000000070a000000, 0x0000000800000000)
  region size 2048K, 46 young (94208K), 3 survivors (6144K)
 Metaspace       used 142608K, committed 143616K, reserved 1179648K
  class space    used 17430K, committed 17920K, reserved 1048576K
}
Event: 19802,080 GC heap after
{Heap after GC invocations=142 (full 0):
 garbage-first heap   total 200704K, used 92591K [0x000000070a000000, 0x0000000800000000)
  region size 2048K, 3 young (6144K), 3 survivors (6144K)
 Metaspace       used 142608K, committed 143616K, reserved 1179648K
  class space    used 17430K, committed 17920K, reserved 1048576K
}

